stdio    D         file_stdio.c:110  file_stdio_fopen                 [   0.00000] opening C:\Users\ARYA BIMA\OneDrive\Desktop\I2P\alegro\bin\Debug\allegro5.cfg r
system   D            wsystem.c:852  _al_win_safe_load_library        [   0.00000] PathFindOnPath found: C:\Windows\system32\shcore.dll
system   D            wsystem.c:763  load_library_at_path             [   0.00000] Calling LoadLibrary C:\Windows\system32\shcore.dll
system   I            wsystem.c:766  load_library_at_path             [   0.00000] Loaded C:\Windows\system32\shcore.dll
system   I             system.c:267  al_install_system                [   0.00000] Allegro version: 5.2.5
audio-dsound I           dsound.cpp:271  _dsound_open                     [   0.00082] Starting DirectSound...
audio-dsound D           dsound.cpp:280  _dsound_open                     [   0.03717] DirectSoundCreate8 succeeded
audio-dsound I           dsound.cpp:73   get_window                       [   0.03722] Using desktop window: 0000000000010010
audio    I              audio.c:347  do_install_audio                 [   0.03740] Using DirectSound driver
audio-dsound D           dsound.cpp:311  _dsound_allocate_voice           [   0.03747] Allocating voice
audio-dsound D           dsound.cpp:370  _dsound_allocate_voice           [   0.03748] Allocated voice
dtor     D               dtor.c:196  _al_register_destructor          [   0.03750] added dtor for voice 00000000001E8DF0, func 0000000061BF1303
dtor     D               dtor.c:196  _al_register_destructor          [   0.03751] added dtor for mixer 00000000001E8F90, func 0000000061BEC91F
audio-dsound D           dsound.cpp:466  _dsound_start_voice              [   0.03752] Starting voice
audio-dsound D           dsound.cpp:494  _dsound_start_voice              [   0.03753] CreateSoundBuffer
audio-dsound D           dsound.cpp:502  _dsound_start_voice              [   0.03927] CreateSoundBuffer succeeded
audio-dsound D           dsound.cpp:508  _dsound_start_voice              [   0.03931] Starting _dsound_update thread
audio-dsound I           dsound.cpp:518  _dsound_start_voice              [   0.03941] Voice started
dtor     D               dtor.c:196  _al_register_destructor          [   0.03943] added dtor for sample_instance 00000000001E9D30, func 0000000061BE59F2
audio    D          kcm_mixer.c:121  _al_rechannel_matrix             [   0.03944] sample matrix:
audio    D          kcm_mixer.c:127  _al_rechannel_matrix             [   0.03945] 
audio    D          kcm_mixer.c:127  _al_rechannel_matrix             [   0.03946] 
dtor     D               dtor.c:196  _al_register_destructor          [   0.03947] added dtor for sample_instance 00000000001EA1A0, func 0000000061BE59F2
audio    D          kcm_mixer.c:121  _al_rechannel_matrix             [   0.03948] sample matrix:
audio    D          kcm_mixer.c:127  _al_rechannel_matrix             [   0.03949] 
audio    D          kcm_mixer.c:127  _al_rechannel_matrix             [   0.03950] 
dtor     D               dtor.c:196  _al_register_destructor          [   0.03951] added dtor for sample_instance 00000000001E9280, func 0000000061BE59F2
audio    D          kcm_mixer.c:121  _al_rechannel_matrix             [   0.03952] sample matrix:
audio    D          kcm_mixer.c:127  _al_rechannel_matrix             [   0.03952] 
audio    D          kcm_mixer.c:127  _al_rechannel_matrix             [   0.03953] 
dtor     D               dtor.c:196  _al_register_destructor          [   0.03954] added dtor for sample_instance 00000000001E93A0, func 0000000061BE59F2
audio    D          kcm_mixer.c:121  _al_rechannel_matrix             [   0.03967] sample matrix:
audio    D          kcm_mixer.c:127  _al_rechannel_matrix             [   0.03968] 
audio    D          kcm_mixer.c:127  _al_rechannel_matrix             [   0.03969] 
system   D            wsystem.c:852  _al_win_safe_load_library        [   0.04002] PathFindOnPath found: C:\Windows\system32\d3d9.dll
system   D            wsystem.c:763  load_library_at_path             [   0.04003] Calling LoadLibrary C:\Windows\system32\d3d9.dll
system   I            wsystem.c:766  load_library_at_path             [   0.04254] Loaded C:\Windows\system32\d3d9.dll
d3d      I         d3d_disp.cpp:674  d3d_init_display                 [   0.07980] Render-to-texture: 1
d3d      I         d3d_disp.cpp:1768 d3d_create_display_locked        [   0.08139] faux_fullscreen=0
d3d      D         d3d_disp.cpp:1769 d3d_create_display_locked        [   0.08143] al_display=00000000027BC440
d3d      D         d3d_disp.cpp:1770 d3d_create_display_locked        [   0.08146] al_display->vt=00000000027BC2D0
d3d      I d3d_display_formats.cpp:144  _al_d3d_generate_display_format_list [   0.08440] found 64 format combinations
display  D   display_settings.c:212  debug_display_settings           [   0.08446] color: 32 (rgba 8880), depth: 0, stencil: 0, acc: 0000, samples: 0/0
display  D   display_settings.c:527  _al_score_display_settings       [   0.08451] Score is : 897
display  D   display_settings.c:212  debug_display_settings           [   0.08453] color: 32 (rgba 8880), depth: 0, stencil: 0, acc: 0000, samples: 0/0
display  D   display_settings.c:527  _al_score_display_settings       [   0.08454] Score is : 897
display  D   display_settings.c:212  debug_display_settings           [   0.08456] color: 32 (rgba 8880), depth: 24, stencil: 8, acc: 0000, samples: 0/0
display  D   display_settings.c:527  _al_score_display_settings       [   0.08457] Score is : 897
display  D   display_settings.c:212  debug_display_settings           [   0.08459] color: 32 (rgba 8880), depth: 24, stencil: 8, acc: 0000, samples: 0/0
display  D   display_settings.c:527  _al_score_display_settings       [   0.08461] Score is : 897
display  D   display_settings.c:212  debug_display_settings           [   0.08462] color: 32 (rgba 8880), depth: 24, stencil: 0, acc: 0000, samples: 0/0
display  D   display_settings.c:527  _al_score_display_settings       [   0.08464] Score is : 897
display  D   display_settings.c:212  debug_display_settings           [   0.08465] color: 32 (rgba 8880), depth: 24, stencil: 0, acc: 0000, samples: 0/0
display  D   display_settings.c:527  _al_score_display_settings       [   0.08466] Score is : 897
display  D   display_settings.c:212  debug_display_settings           [   0.08468] color: 32 (rgba 8880), depth: 16, stencil: 0, acc: 0000, samples: 0/0
display  D   display_settings.c:527  _al_score_display_settings       [   0.08469] Score is : 897
display  D   display_settings.c:212  debug_display_settings           [   0.08471] color: 32 (rgba 8880), depth: 16, stencil: 0, acc: 0000, samples: 0/0
display  D   display_settings.c:527  _al_score_display_settings       [   0.08472] Score is : 897
display  D   display_settings.c:212  debug_display_settings           [   0.08474] color: 16 (rgba 5650), depth: 0, stencil: 0, acc: 0000, samples: 0/0
display  D   display_settings.c:527  _al_score_display_settings       [   0.08475] Score is : 897
display  D   display_settings.c:212  debug_display_settings           [   0.08476] color: 16 (rgba 5650), depth: 0, stencil: 0, acc: 0000, samples: 0/0
display  D   display_settings.c:527  _al_score_display_settings       [   0.08478] Score is : 897
display  D   display_settings.c:212  debug_display_settings           [   0.08479] color: 16 (rgba 5650), depth: 24, stencil: 8, acc: 0000, samples: 0/0
display  D   display_settings.c:527  _al_score_display_settings       [   0.08481] Score is : 897
display  D   display_settings.c:212  debug_display_settings           [   0.08482] color: 16 (rgba 5650), depth: 24, stencil: 8, acc: 0000, samples: 0/0
display  D   display_settings.c:527  _al_score_display_settings       [   0.08484] Score is : 897
display  D   display_settings.c:212  debug_display_settings           [   0.08485] color: 16 (rgba 5650), depth: 24, stencil: 0, acc: 0000, samples: 0/0
display  D   display_settings.c:527  _al_score_display_settings       [   0.08487] Score is : 897
display  D   display_settings.c:212  debug_display_settings           [   0.08488] color: 16 (rgba 5650), depth: 24, stencil: 0, acc: 0000, samples: 0/0
display  D   display_settings.c:527  _al_score_display_settings       [   0.08497] Score is : 897
display  D   display_settings.c:212  debug_display_settings           [   0.08499] color: 16 (rgba 5650), depth: 16, stencil: 0, acc: 0000, samples: 0/0
display  D   display_settings.c:527  _al_score_display_settings       [   0.08501] Score is : 897
display  D   display_settings.c:212  debug_display_settings           [   0.08502] color: 16 (rgba 5650), depth: 16, stencil: 0, acc: 0000, samples: 0/0
display  D   display_settings.c:527  _al_score_display_settings       [   0.08504] Score is : 897
display  D   display_settings.c:212  debug_display_settings           [   0.08505] color: 32 (rgba 8880), depth: 0, stencil: 0, acc: 0000, samples: 0/0
display  D   display_settings.c:398  _al_score_display_settings       [   0.08507] Single Buffer requirement not met.
display  D   display_settings.c:212  debug_display_settings           [   0.08508] color: 32 (rgba 8880), depth: 0, stencil: 0, acc: 0000, samples: 0/0
display  D   display_settings.c:398  _al_score_display_settings       [   0.08510] Single Buffer requirement not met.
display  D   display_settings.c:212  debug_display_settings           [   0.08511] color: 32 (rgba 8880), depth: 24, stencil: 8, acc: 0000, samples: 0/0
display  D   display_settings.c:398  _al_score_display_settings       [   0.08513] Single Buffer requirement not met.
display  D   display_settings.c:212  debug_display_settings           [   0.08514] color: 32 (rgba 8880), depth: 24, stencil: 8, acc: 0000, samples: 0/0
display  D   display_settings.c:398  _al_score_display_settings       [   0.08516] Single Buffer requirement not met.
display  D   display_settings.c:212  debug_display_settings           [   0.08517] color: 32 (rgba 8880), depth: 24, stencil: 0, acc: 0000, samples: 0/0
display  D   display_settings.c:398  _al_score_display_settings       [   0.08519] Single Buffer requirement not met.
display  D   display_settings.c:212  debug_display_settings           [   0.08520] color: 32 (rgba 8880), depth: 24, stencil: 0, acc: 0000, samples: 0/0
display  D   display_settings.c:398  _al_score_display_settings       [   0.08522] Single Buffer requirement not met.
display  D   display_settings.c:212  debug_display_settings           [   0.08523] color: 32 (rgba 8880), depth: 16, stencil: 0, acc: 0000, samples: 0/0
display  D   display_settings.c:398  _al_score_display_settings       [   0.08524] Single Buffer requirement not met.
display  D   display_settings.c:212  debug_display_settings           [   0.08526] color: 32 (rgba 8880), depth: 16, stencil: 0, acc: 0000, samples: 0/0
display  D   display_settings.c:398  _al_score_display_settings       [   0.08527] Single Buffer requirement not met.
display  D   display_settings.c:212  debug_display_settings           [   0.08529] color: 16 (rgba 5650), depth: 0, stencil: 0, acc: 0000, samples: 0/0
display  D   display_settings.c:398  _al_score_display_settings       [   0.08530] Single Buffer requirement not met.
display  D   display_settings.c:212  debug_display_settings           [   0.08532] color: 16 (rgba 5650), depth: 0, stencil: 0, acc: 0000, samples: 0/0
display  D   display_settings.c:398  _al_score_display_settings       [   0.08533] Single Buffer requirement not met.
display  D   display_settings.c:212  debug_display_settings           [   0.08535] color: 16 (rgba 5650), depth: 24, stencil: 8, acc: 0000, samples: 0/0
display  D   display_settings.c:398  _al_score_display_settings       [   0.08536] Single Buffer requirement not met.
display  D   display_settings.c:212  debug_display_settings           [   0.08538] color: 16 (rgba 5650), depth: 24, stencil: 8, acc: 0000, samples: 0/0
display  D   display_settings.c:398  _al_score_display_settings       [   0.08539] Single Buffer requirement not met.
display  D   display_settings.c:212  debug_display_settings           [   0.08541] color: 16 (rgba 5650), depth: 24, stencil: 0, acc: 0000, samples: 0/0
display  D   display_settings.c:398  _al_score_display_settings       [   0.08542] Single Buffer requirement not met.
display  D   display_settings.c:212  debug_display_settings           [   0.08544] color: 16 (rgba 5650), depth: 24, stencil: 0, acc: 0000, samples: 0/0
display  D   display_settings.c:398  _al_score_display_settings       [   0.08546] Single Buffer requirement not met.
display  D   display_settings.c:212  debug_display_settings           [   0.08548] color: 16 (rgba 5650), depth: 16, stencil: 0, acc: 0000, samples: 0/0
display  D   display_settings.c:398  _al_score_display_settings       [   0.08550] Single Buffer requirement not met.
display  D   display_settings.c:212  debug_display_settings           [   0.08552] color: 16 (rgba 5650), depth: 16, stencil: 0, acc: 0000, samples: 0/0
display  D   display_settings.c:398  _al_score_display_settings       [   0.08553] Single Buffer requirement not met.
display  D   display_settings.c:212  debug_display_settings           [   0.08555] color: 32 (rgba 8880), depth: 0, stencil: 0, acc: 0000, samples: 0/0
display  D   display_settings.c:527  _al_score_display_settings       [   0.08556] Score is : 769
display  D   display_settings.c:212  debug_display_settings           [   0.08558] color: 32 (rgba 8880), depth: 0, stencil: 0, acc: 0000, samples: 0/0
display  D   display_settings.c:527  _al_score_display_settings       [   0.08559] Score is : 769
display  D   display_settings.c:212  debug_display_settings           [   0.08560] color: 32 (rgba 8880), depth: 24, stencil: 8, acc: 0000, samples: 0/0
display  D   display_settings.c:527  _al_score_display_settings       [   0.08562] Score is : 769
display  D   display_settings.c:212  debug_display_settings           [   0.08563] color: 32 (rgba 8880), depth: 24, stencil: 8, acc: 0000, samples: 0/0
display  D   display_settings.c:527  _al_score_display_settings       [   0.08565] Score is : 769
display  D   display_settings.c:212  debug_display_settings           [   0.08566] color: 32 (rgba 8880), depth: 24, stencil: 0, acc: 0000, samples: 0/0
display  D   display_settings.c:527  _al_score_display_settings       [   0.08568] Score is : 769
display  D   display_settings.c:212  debug_display_settings           [   0.08569] color: 32 (rgba 8880), depth: 24, stencil: 0, acc: 0000, samples: 0/0
display  D   display_settings.c:527  _al_score_display_settings       [   0.08570] Score is : 769
display  D   display_settings.c:212  debug_display_settings           [   0.08572] color: 32 (rgba 8880), depth: 16, stencil: 0, acc: 0000, samples: 0/0
display  D   display_settings.c:527  _al_score_display_settings       [   0.08573] Score is : 769
display  D   display_settings.c:212  debug_display_settings           [   0.08575] color: 32 (rgba 8880), depth: 16, stencil: 0, acc: 0000, samples: 0/0
display  D   display_settings.c:527  _al_score_display_settings       [   0.08576] Score is : 769
display  D   display_settings.c:212  debug_display_settings           [   0.08578] color: 16 (rgba 5650), depth: 0, stencil: 0, acc: 0000, samples: 0/0
display  D   display_settings.c:527  _al_score_display_settings       [   0.08579] Score is : 769
display  D   display_settings.c:212  debug_display_settings           [   0.08580] color: 16 (rgba 5650), depth: 0, stencil: 0, acc: 0000, samples: 0/0
display  D   display_settings.c:527  _al_score_display_settings       [   0.08582] Score is : 769
display  D   display_settings.c:212  debug_display_settings           [   0.08583] color: 16 (rgba 5650), depth: 24, stencil: 8, acc: 0000, samples: 0/0
display  D   display_settings.c:527  _al_score_display_settings       [   0.08585] Score is : 769
display  D   display_settings.c:212  debug_display_settings           [   0.08586] color: 16 (rgba 5650), depth: 24, stencil: 8, acc: 0000, samples: 0/0
display  D   display_settings.c:527  _al_score_display_settings       [   0.08588] Score is : 769
display  D   display_settings.c:212  debug_display_settings           [   0.08589] color: 16 (rgba 5650), depth: 24, stencil: 0, acc: 0000, samples: 0/0
display  D   display_settings.c:527  _al_score_display_settings       [   0.08594] Score is : 769
display  D   display_settings.c:212  debug_display_settings           [   0.08596] color: 16 (rgba 5650), depth: 24, stencil: 0, acc: 0000, samples: 0/0
display  D   display_settings.c:527  _al_score_display_settings       [   0.08598] Score is : 769
display  D   display_settings.c:212  debug_display_settings           [   0.08599] color: 16 (rgba 5650), depth: 16, stencil: 0, acc: 0000, samples: 0/0
display  D   display_settings.c:527  _al_score_display_settings       [   0.08601] Score is : 769
display  D   display_settings.c:212  debug_display_settings           [   0.08602] color: 16 (rgba 5650), depth: 16, stencil: 0, acc: 0000, samples: 0/0
display  D   display_settings.c:527  _al_score_display_settings       [   0.08604] Score is : 769
display  D   display_settings.c:212  debug_display_settings           [   0.08605] color: 32 (rgba 8880), depth: 0, stencil: 0, acc: 0000, samples: 0/0
display  D   display_settings.c:398  _al_score_display_settings       [   0.08606] Single Buffer requirement not met.
display  D   display_settings.c:212  debug_display_settings           [   0.08608] color: 32 (rgba 8880), depth: 0, stencil: 0, acc: 0000, samples: 0/0
display  D   display_settings.c:398  _al_score_display_settings       [   0.08609] Single Buffer requirement not met.
display  D   display_settings.c:212  debug_display_settings           [   0.08611] color: 32 (rgba 8880), depth: 24, stencil: 8, acc: 0000, samples: 0/0
display  D   display_settings.c:398  _al_score_display_settings       [   0.08612] Single Buffer requirement not met.
display  D   display_settings.c:212  debug_display_settings           [   0.08614] color: 32 (rgba 8880), depth: 24, stencil: 8, acc: 0000, samples: 0/0
display  D   display_settings.c:398  _al_score_display_settings       [   0.08615] Single Buffer requirement not met.
display  D   display_settings.c:212  debug_display_settings           [   0.08616] color: 32 (rgba 8880), depth: 24, stencil: 0, acc: 0000, samples: 0/0
display  D   display_settings.c:398  _al_score_display_settings       [   0.08618] Single Buffer requirement not met.
display  D   display_settings.c:212  debug_display_settings           [   0.08619] color: 32 (rgba 8880), depth: 24, stencil: 0, acc: 0000, samples: 0/0
display  D   display_settings.c:398  _al_score_display_settings       [   0.08621] Single Buffer requirement not met.
display  D   display_settings.c:212  debug_display_settings           [   0.08622] color: 32 (rgba 8880), depth: 16, stencil: 0, acc: 0000, samples: 0/0
display  D   display_settings.c:398  _al_score_display_settings       [   0.08624] Single Buffer requirement not met.
display  D   display_settings.c:212  debug_display_settings           [   0.08625] color: 32 (rgba 8880), depth: 16, stencil: 0, acc: 0000, samples: 0/0
display  D   display_settings.c:398  _al_score_display_settings       [   0.08627] Single Buffer requirement not met.
display  D   display_settings.c:212  debug_display_settings           [   0.08628] color: 16 (rgba 5650), depth: 0, stencil: 0, acc: 0000, samples: 0/0
display  D   display_settings.c:398  _al_score_display_settings       [   0.08630] Single Buffer requirement not met.
display  D   display_settings.c:212  debug_display_settings           [   0.08631] color: 16 (rgba 5650), depth: 0, stencil: 0, acc: 0000, samples: 0/0
display  D   display_settings.c:398  _al_score_display_settings       [   0.08632] Single Buffer requirement not met.
display  D   display_settings.c:212  debug_display_settings           [   0.08634] color: 16 (rgba 5650), depth: 24, stencil: 8, acc: 0000, samples: 0/0
display  D   display_settings.c:398  _al_score_display_settings       [   0.08635] Single Buffer requirement not met.
display  D   display_settings.c:212  debug_display_settings           [   0.08637] color: 16 (rgba 5650), depth: 24, stencil: 8, acc: 0000, samples: 0/0
display  D   display_settings.c:398  _al_score_display_settings       [   0.08638] Single Buffer requirement not met.
display  D   display_settings.c:212  debug_display_settings           [   0.08644] color: 16 (rgba 5650), depth: 24, stencil: 0, acc: 0000, samples: 0/0
display  D   display_settings.c:398  _al_score_display_settings       [   0.08645] Single Buffer requirement not met.
display  D   display_settings.c:212  debug_display_settings           [   0.08647] color: 16 (rgba 5650), depth: 24, stencil: 0, acc: 0000, samples: 0/0
display  D   display_settings.c:398  _al_score_display_settings       [   0.08650] Single Buffer requirement not met.
display  D   display_settings.c:212  debug_display_settings           [   0.08651] color: 16 (rgba 5650), depth: 16, stencil: 0, acc: 0000, samples: 0/0
display  D   display_settings.c:398  _al_score_display_settings       [   0.08653] Single Buffer requirement not met.
display  D   display_settings.c:212  debug_display_settings           [   0.08654] color: 16 (rgba 5650), depth: 16, stencil: 0, acc: 0000, samples: 0/0
display  D   display_settings.c:398  _al_score_display_settings       [   0.08656] Single Buffer requirement not met.
d3d      D         d3d_disp.cpp:1668 d3d_create_display_internals     [   0.08658] Trying format 0.
d3d      I         d3d_disp.cpp:1344 d3d_display_thread_proc          [   0.08709] Chose a display format: 23
d3d      I         d3d_disp.cpp:1413 d3d_display_thread_proc          [   0.08715] Normal window.
d3d      I         d3d_disp.cpp:781  d3d_create_device                [   0.15386] Using no depth stencil buffer
d3d      D         d3d_disp.cpp:839  d3d_create_device                [   0.20482] BeginScene succeeded in create_device
d3d      D         d3d_disp.cpp:847  d3d_create_device                [   0.20490] Success
d3d      D         d3d_disp.cpp:1691 d3d_create_display_internals     [   0.20496] Resumed after wait.
d3d      I         d3d_disp.cpp:1724 d3d_create_display_internals     [   0.20502] Format 0 succeeded.
d3d      D         d3d_disp.cpp:1755 d3d_create_display_internals     [   0.20506] Returning d3d_display: 00000000027BC440
d3d      D         d3d_disp.cpp:1780 d3d_create_display_locked        [   0.20507] al_display=00000000027BC440
d3d      D         d3d_disp.cpp:1781 d3d_create_display_locked        [   0.20509] al_display->vt=00000000027BC2D0
system   D            wsystem.c:852  _al_win_safe_load_library        [   0.20550] PathFindOnPath found: C:\Windows\system32\d3dx9_43.dll
system   D            wsystem.c:763  load_library_at_path             [   0.20552] Calling LoadLibrary C:\Windows\system32\d3dx9_43.dll
system   I            wsystem.c:766  load_library_at_path             [   0.20710] Loaded C:\Windows\system32\d3dx9_43.dll
d3dx9    I        d3d_d3dx9.cpp:88   _imp_load_d3dx9_module_version   [   0.20715] Module "d3dx9_43.dll" loaded.
dtor     D               dtor.c:196  _al_register_destructor          [   0.20811] added dtor for timer 00000000027C4BA0, func 0000000061AFEE71
dtor     D               dtor.c:196  _al_register_destructor          [   0.20814] added dtor for timer 00000000027C4C50, func 0000000061AFEE71
dtor     D               dtor.c:196  _al_register_destructor          [   0.20816] added dtor for queue 00000000027C4D00, func 0000000061AEC1AB
stdio    D         file_stdio.c:110  file_stdio_fopen                 [   0.21350] opening Assets/Minecraft.ttf rb
font     E                ttf.c:994  al_load_ttf_font_stretch         [   0.21358] Unable to open file for reading: Assets/Minecraft.ttf
dtor     D               dtor.c:116  _al_run_destructors              [   2.21558] calling dtor for queue 00000000027C4D00, func 0000000061AEC1AB
dtor     D               dtor.c:227  _al_unregister_destructor        [   2.21568] removed dtor for queue 00000000027C4D00
dtor     D               dtor.c:116  _al_run_destructors              [   2.21575] calling dtor for timer 00000000027C4C50, func 0000000061AFEE71
dtor     D               dtor.c:227  _al_unregister_destructor        [   2.21578] removed dtor for timer 00000000027C4C50
dtor     D               dtor.c:116  _al_run_destructors              [   2.21598] calling dtor for timer 00000000027C4BA0, func 0000000061AFEE71
dtor     D               dtor.c:227  _al_unregister_destructor        [   2.21601] removed dtor for timer 00000000027C4BA0
dtor     D               dtor.c:227  _al_unregister_destructor        [   2.21604] removed dtor for sample_instance 00000000001E9D30
dtor     D               dtor.c:227  _al_unregister_destructor        [   2.21607] removed dtor for sample_instance 00000000001EA1A0
dtor     D               dtor.c:227  _al_unregister_destructor        [   2.21609] removed dtor for sample_instance 00000000001E9280
dtor     D               dtor.c:227  _al_unregister_destructor        [   2.21612] removed dtor for sample_instance 00000000001E93A0
dtor     D               dtor.c:227  _al_unregister_destructor        [   2.21615] removed dtor for mixer 00000000001E8F90
audio-dsound D           dsound.cpp:528  _dsound_stop_voice               [   2.21737] Stopping voice
audio-dsound D           dsound.cpp:545  _dsound_stop_voice               [   2.21744] Joining thread
audio-dsound D           dsound.cpp:551  _dsound_stop_voice               [   2.21854] Joined thread
audio-dsound D           dsound.cpp:553  _dsound_stop_voice               [   2.21861] Destroying thread
audio-dsound D           dsound.cpp:555  _dsound_stop_voice               [   2.21868] Thread destroyed
audio-dsound D           dsound.cpp:562  _dsound_stop_voice               [   2.21871] Releasing buffer
audio-dsound I           dsound.cpp:566  _dsound_stop_voice               [   2.21878] Voice stopped
dtor     D               dtor.c:227  _al_unregister_destructor        [   2.21886] removed dtor for voice 00000000001E8DF0
audio-dsound D           dsound.cpp:380  _dsound_deallocate_voice         [   2.21890] Deallocating voice
audio-dsound D           dsound.cpp:385  _dsound_deallocate_voice         [   2.21892] Deallocated voice
audio-dsound D           dsound.cpp:296  _dsound_close                    [   2.21895] Releasing device
audio-dsound D           dsound.cpp:298  _dsound_close                    [   2.27389] Released device
audio-dsound I           dsound.cpp:299  _dsound_close                    [   2.27439] DirectSound closed
d3d      I         d3d_disp.cpp:901  d3d_destroy_display              [   2.30771] destroying display 00000000027BC440 (current 0000000000000000)
d3d      D         d3d_disp.cpp:885  d3d_destroy_display_internals    [   2.30964] waiting for display 00000000027BC440's thread to end
d3d      W         d3d_disp.cpp:595  d3d_destroy_device               [   2.35443] d3d_destroy_device: ref count not 0
d3d      I         d3d_disp.cpp:1548 d3d_display_thread_proc          [   2.37242] d3d display thread exits
